2022-04-23 09:43:18 INFO  TestBase:27 - Initiate Browser
2022-04-23 09:43:41 INFO  TestBase:43 - Test name: VerifyloginTest
2022-04-23 09:43:41 INFO  TestBase:59 - Executed test case name:VerifyloginTest Execution Results : [TestResult name=VerifyloginTest status=SKIP method=LoginTest.VerifyloginTest()[pri:0, instance:com.orangehrm.test.LoginTest@39fb3ab6] output={null}]
2022-04-23 09:43:41 INFO  TestBase:51 - Closing Browser
2022-04-23 09:49:14 INFO  TestBase:27 - Initiate Browser
2022-04-23 09:49:34 INFO  PageBase:88 -  WebsiteURL:https://opensource-demo.orangehrmlive.com/
2022-04-23 09:49:34 INFO  PageBase:89 -  Chrome Type :chrome
2022-04-23 09:49:34 INFO  PageBase:90 -  Os Type :windows
2022-04-23 09:49:34 INFO  TestBase:33 - Browser Initiated
2022-04-23 09:49:34 INFO  TestBase:43 - Test name: VerifyloginTest
2022-04-23 09:49:39 INFO  TestBase:59 - Executed test case name:VerifyloginTest Execution Results : [TestResult name=VerifyloginTest status=FAILURE method=LoginTest.VerifyloginTest()[pri:0, instance:com.orangehrm.test.LoginTest@39fb3ab6] output={null}]
2022-04-23 09:49:39 INFO  TestBase:51 - Closing Browser
2022-04-23 09:49:43 INFO  TestBase:53 - Browser Closed
2022-04-23 09:49:43 INFO  TestBase:63 - Stop Testcase
2022-05-08 10:13:31 INFO  TestBase:27 - Initiate Browser
2022-05-08 10:13:42 INFO  PageBase:88 -  WebsiteURL:https://opensource-demo.orangehrmlive.com/
2022-05-08 10:13:42 INFO  PageBase:89 -  Chrome Type :chrome
2022-05-08 10:13:42 INFO  PageBase:90 -  Os Type :windows
2022-05-08 10:13:42 INFO  TestBase:33 - Browser Initiated
2022-05-08 10:13:42 INFO  TestBase:43 - Test name: VerifyAddTest
2022-05-08 10:13:42 INFO  TestBase:59 - Executed test case name:VerifyAddTest Execution Results : [TestResult name=VerifyAddTest status=FAILURE method=SowmiTest.VerifyAddTest()[pri:0, instance:com.orangehrm.test.SowmiTest@39fb3ab6] output={null}]
2022-05-08 10:13:42 INFO  TestBase:51 - Closing Browser
2022-05-08 10:13:45 INFO  TestBase:53 - Browser Closed
2022-05-08 10:13:45 INFO  TestBase:63 - Stop Testcase
2022-05-08 10:31:27 INFO  TestBase:27 - Initiate Browser
2022-05-08 10:31:37 INFO  PageBase:88 -  WebsiteURL:https://opensource-demo.orangehrmlive.com/
2022-05-08 10:31:37 INFO  PageBase:89 -  Chrome Type :chrome
2022-05-08 10:31:37 INFO  PageBase:90 -  Os Type :windows
2022-05-08 10:31:37 INFO  TestBase:33 - Browser Initiated
2022-05-08 10:31:37 INFO  TestBase:43 - Test name: VerifyAddTest
2022-05-08 10:31:37 INFO  TestBase:59 - Executed test case name:VerifyAddTest Execution Results : [TestResult name=VerifyAddTest status=SKIP method=SowmiTest.VerifyAddTest()[pri:0, instance:com.orangehrm.test.SowmiTest@39fb3ab6] output={null}]
2022-05-08 10:31:37 INFO  TestBase:51 - Closing Browser
2022-05-08 10:31:39 INFO  TestBase:53 - Browser Closed
2022-05-08 10:32:36 INFO  TestBase:27 - Initiate Browser
2022-05-08 10:32:45 INFO  PageBase:88 -  WebsiteURL:https://opensource-demo.orangehrmlive.com/
2022-05-08 10:32:45 INFO  PageBase:89 -  Chrome Type :chrome
2022-05-08 10:32:45 INFO  PageBase:90 -  Os Type :windows
2022-05-08 10:32:45 INFO  TestBase:33 - Browser Initiated
2022-05-08 10:32:45 INFO  TestBase:43 - Test name: VerifyAddTest
2022-05-08 10:32:45 INFO  TestBase:59 - Executed test case name:VerifyAddTest Execution Results : [TestResult name=VerifyAddTest status=SKIP method=SowmiTest.VerifyAddTest()[pri:0, instance:com.orangehrm.test.SowmiTest@6276ae34] output={null}]
2022-05-08 10:32:45 INFO  TestBase:51 - Closing Browser
2022-05-08 10:32:47 INFO  TestBase:53 - Browser Closed
2022-05-08 10:35:01 INFO  TestBase:27 - Initiate Browser
2022-05-08 10:35:10 INFO  PageBase:88 -  WebsiteURL:https://opensource-demo.orangehrmlive.com/
2022-05-08 10:35:10 INFO  PageBase:89 -  Chrome Type :chrome
2022-05-08 10:35:10 INFO  PageBase:90 -  Os Type :windows
2022-05-08 10:35:10 INFO  TestBase:33 - Browser Initiated
2022-05-08 10:35:10 INFO  TestBase:45 - Test name: VerifyloginTest
2022-05-08 10:35:14 INFO  TestBase:61 - Executed test case name:VerifyloginTest Execution Results : [TestResult name=VerifyloginTest status=SUCCESS method=LoginTest.VerifyloginTest()[pri:0, instance:com.orangehrm.test.LoginTest@5cc7c2a6] output={null}]
2022-05-08 10:35:14 INFO  TestBase:53 - Closing Browser
2022-05-08 10:35:17 INFO  TestBase:55 - Browser Closed
2022-05-08 10:35:17 INFO  TestBase:65 - Stop Testcase
2022-05-08 10:36:58 INFO  TestBase:27 - Initiate Browser
2022-05-08 10:37:08 INFO  PageBase:88 -  WebsiteURL:https://opensource-demo.orangehrmlive.com/
2022-05-08 10:37:08 INFO  PageBase:89 -  Chrome Type :chrome
2022-05-08 10:37:08 INFO  PageBase:90 -  Os Type :windows
2022-05-08 10:37:08 INFO  TestBase:33 - Browser Initiated
2022-05-08 10:37:08 INFO  TestBase:45 - Test name: VerifyAddTest
2022-05-08 10:37:13 INFO  TestBase:61 - Executed test case name:VerifyAddTest Execution Results : [TestResult name=VerifyAddTest status=FAILURE method=SowmiTest.VerifyAddTest()[pri:0, instance:com.orangehrm.test.SowmiTest@39fb3ab6] output={null}]
2022-05-08 10:37:13 INFO  TestBase:53 - Closing Browser
2022-05-08 10:37:16 INFO  TestBase:55 - Browser Closed
2022-05-08 10:37:16 INFO  TestBase:65 - Stop Testcase
2022-05-08 10:41:08 INFO  TestBase:27 - Initiate Browser
2022-05-08 10:41:26 INFO  PageBase:88 -  WebsiteURL:https://opensource-demo.orangehrmlive.com/
2022-05-08 10:41:26 INFO  PageBase:89 -  Chrome Type :chrome
2022-05-08 10:41:26 INFO  PageBase:90 -  Os Type :windows
2022-05-08 10:41:26 INFO  TestBase:33 - Browser Initiated
2022-05-08 10:41:26 INFO  TestBase:45 - Test name: VerifyAddTest
2022-05-08 10:41:37 INFO  TestBase:61 - Executed test case name:VerifyAddTest Execution Results : [TestResult name=VerifyAddTest status=FAILURE method=SowmiTest.VerifyAddTest()[pri:0, instance:com.orangehrm.test.SowmiTest@61a485d2] output={null}]
2022-05-08 10:41:37 INFO  TestBase:53 - Closing Browser
2022-05-08 10:41:43 INFO  TestBase:55 - Browser Closed
2022-05-08 10:41:43 INFO  TestBase:65 - Stop Testcase
2022-05-21 10:13:41 INFO  TestBase:27 - Initiate Browser
2022-05-21 10:13:51 INFO  PageBase:88 -  WebsiteURL:https://opensource-demo.orangehrmlive.com/
2022-05-21 10:13:51 INFO  PageBase:89 -  Chrome Type :chrome
2022-05-21 10:13:51 INFO  PageBase:90 -  Os Type :windows
2022-05-21 10:13:51 INFO  TestBase:33 - Browser Initiated
2022-05-21 10:13:51 INFO  TestBase:45 - Test name: VerifyAddTest
2022-05-21 10:14:01 INFO  TestBase:61 - Executed test case name:VerifyAddTest Execution Results : [TestResult name=VerifyAddTest status=FAILURE method=SowmiTest.VerifyAddTest()[pri:0, instance:com.orangehrm.test.SowmiTest@59e84876] output={null}]
2022-05-21 10:14:01 INFO  TestBase:53 - Closing Browser
2022-05-21 10:14:04 INFO  TestBase:55 - Browser Closed
2022-05-21 10:14:04 INFO  TestBase:65 - Stop Testcase
2022-05-29 09:41:50 INFO  TestBase:27 - Initiate Browser
2022-05-29 09:41:56 INFO  TestBase:45 - Test name: VerifyAddTest
2022-05-29 09:41:56 INFO  TestBase:61 - Executed test case name:VerifyAddTest Execution Results : [TestResult name=VerifyAddTest status=SKIP method=SowmiTest.VerifyAddTest()[pri:0, instance:com.orangehrm.test.SowmiTest@39fb3ab6] output={null}]
2022-05-29 09:41:56 INFO  TestBase:53 - Closing Browser
2022-05-29 09:55:41 INFO  TestBase:27 - Initiate Browser
2022-05-29 09:55:54 INFO  PageBase:88 -  WebsiteURL:https://opensource-demo.orangehrmlive.com/
2022-05-29 09:55:54 INFO  PageBase:89 -  Chrome Type :chrome
2022-05-29 09:55:54 INFO  PageBase:90 -  Os Type :windows
2022-05-29 09:55:54 INFO  TestBase:33 - Browser Initiated
2022-05-29 09:55:54 INFO  TestBase:45 - Test name: VerifyAddTest
2022-05-29 09:56:06 INFO  TestBase:61 - Executed test case name:VerifyAddTest Execution Results : [TestResult name=VerifyAddTest status=SUCCESS method=SowmiTest.VerifyAddTest()[pri:0, instance:com.orangehrm.test.SowmiTest@59e84876] output={null}]
2022-05-29 09:56:06 INFO  TestBase:53 - Closing Browser
2022-05-29 09:56:10 INFO  TestBase:55 - Browser Closed
2022-05-29 09:56:10 INFO  TestBase:65 - Stop Testcase
